0 info it worked if it ends with ok
1 verbose cli [ 'C:\\Program Files\\nodejs\\node.exe',
1 verbose cli   'C:\\Program Files\\nodejs\\node_modules\\npm\\bin\\npm-cli.js',
1 verbose cli   'run',
1 verbose cli   'dev-win' ]
2 info using npm@3.10.10
3 info using node@v6.11.3
4 verbose run-script [ 'predev-win', 'dev-win', 'postdev-win' ]
5 info lifecycle free-flow-chart@1.0.0~predev-win: free-flow-chart@1.0.0
6 silly lifecycle free-flow-chart@1.0.0~predev-win: no script for predev-win, continuing
7 info lifecycle free-flow-chart@1.0.0~dev-win: free-flow-chart@1.0.0
8 verbose lifecycle free-flow-chart@1.0.0~dev-win: unsafe-perm in lifecycle true
9 verbose lifecycle free-flow-chart@1.0.0~dev-win: PATH: C:\Program Files\nodejs\node_modules\npm\bin\node-gyp-bin;F:\WebProjects\FreeFlowChart\node_modules\.bin;C:\ProgramData\Oracle\Java\javapath;C:\Windows\system32;C:\Windows;C:\Windows\System32\Wbem;C:\Windows\System32\WindowsPowerShell\v1.0\;C:\Program Files\nodejs\;C:\Users\YHJ\AppData\Local\Programs\Python\Python36-32\Scripts\;C:\Users\YHJ\AppData\Local\Programs\Python\Python36-32\;C:\Ruby23\bin;C:\Users\YHJ\AppData\Roaming\npm
10 verbose lifecycle free-flow-chart@1.0.0~dev-win: CWD: F:\WebProjects\FreeFlowChart
11 silly lifecycle free-flow-chart@1.0.0~dev-win: Args: [ '/d /s /c',
11 silly lifecycle   'set WEBPACK_ENV=dev&&webpack-dev-server --hot --progress --inline' ]
12 verbose stack Error: kill ENOSYS
12 verbose stack     at exports._errnoException (util.js:1020:11)
12 verbose stack     at process.kill (internal/process.js:190:13)
12 verbose stack     at process.listener (C:\Program Files\nodejs\node_modules\npm\node_modules\npmlog\node_modules\gauge\node_modules\signal-exit\index.js:86:15)
12 verbose stack     at emitNone (events.js:91:20)
12 verbose stack     at process.emit (events.js:185:7)
12 verbose stack     at processEmit (C:\Program Files\nodejs\node_modules\npm\node_modules\npmlog\node_modules\gauge\node_modules\signal-exit\index.js:146:32)
12 verbose stack     at processEmit (C:\Program Files\nodejs\node_modules\npm\node_modules\npm-registry-client\node_modules\npmlog\node_modules\gauge\node_modules\signal-exit\index.js:146:32)
12 verbose stack     at Signal.wrap.onsignal (internal/process.js:217:44)
13 verbose cwd F:\WebProjects\FreeFlowChart
14 error Windows_NT 6.1.7601
15 error argv "C:\\Program Files\\nodejs\\node.exe" "C:\\Program Files\\nodejs\\node_modules\\npm\\bin\\npm-cli.js" "run" "dev-win"
16 error node v6.11.3
17 error npm  v3.10.10
18 error code ENOSYS
19 error errno ENOSYS
20 error syscall kill
21 error kill ENOSYS
22 error If you need help, you may report this error at:
22 error     <https://github.com/npm/npm/issues>
23 verbose exit [ 1, true ]
